<testsuites id="" name="" tests="1" failures="1" skipped="0" errors="0" time="15.565159999999999">
<testsuite name="vj-application.spec.ts" timestamp="2025-06-28T10:30:20.221Z" hostname="chromium" tests="1" failures="1" skipped="0" time="12.402" errors="0">
<testcase name="VJ Application E2E Tests › should initialize VJ application successfully" classname="vj-application.spec.ts" time="12.402">
<failure message="vj-application.spec.ts:22:7 should initialize VJ application successfully" type="FAILURE">
<![CDATA[  [chromium] › vj-application.spec.ts:22:7 › VJ Application E2E Tests › should initialize VJ application successfully 

    TimeoutError: page.waitForSelector: Timeout 10000ms exceeded.
    Call log:
      - waiting for locator('[data-testid="vj-application"]') to be visible


      17 |     
      18 |     // Wait for the application to initialize
    > 19 |     await page.waitForSelector('[data-testid="vj-application"]', { timeout: 10000 })
         |                ^
      20 |   })
      21 |
      22 |   test('should initialize VJ application successfully', async ({ page }) => {
        at /home/ec2-user/workspace/v1z3r/tests/e2e/vj-application.spec.ts:19:16

    attachment #1: screenshot (image/png) ──────────────────────────────────────────────────────────
    test-results/vj-application-VJ-Applicat-eae98-VJ-application-successfully-chromium/test-failed-1.png
    ────────────────────────────────────────────────────────────────────────────────────────────────

    attachment #2: video (video/webm) ──────────────────────────────────────────────────────────────
    test-results/vj-application-VJ-Applicat-eae98-VJ-application-successfully-chromium/video.webm
    ────────────────────────────────────────────────────────────────────────────────────────────────

    Error Context: ../../test-results/vj-application-VJ-Applicat-eae98-VJ-application-successfully-chromium/error-context.md
]]>
</failure>
<system-out>
<![CDATA[
[[ATTACHMENT|../test-results/vj-application-VJ-Applicat-eae98-VJ-application-successfully-chromium/test-failed-1.png]]

[[ATTACHMENT|../test-results/vj-application-VJ-Applicat-eae98-VJ-application-successfully-chromium/video.webm]]

[[ATTACHMENT|../test-results/vj-application-VJ-Applicat-eae98-VJ-application-successfully-chromium/error-context.md]]
]]>
</system-out>
</testcase>
</testsuite>
</testsuites>